TN:
SF:src/e2e-tests/tasks/mockedTasks.ts
FNF:0
FNH:0
DA:1,1
DA:2,1
DA:3,1
DA:4,1
DA:5,1
DA:6,1
DA:7,1
DA:8,1
DA:9,1
DA:10,1
DA:11,1
DA:12,1
DA:13,1
DA:14,1
DA:15,1
DA:16,1
LF:16
LH:16
BRF:0
BRH:0
end_of_record
TN:
SF:src/e2e-tests/users/mockedUsers.ts
FNF:0
FNH:0
DA:1,1
DA:2,1
DA:3,1
DA:4,1
DA:5,1
DA:6,1
DA:7,1
DA:8,1
DA:9,1
DA:10,1
DA:11,1
DA:12,1
DA:13,1
DA:14,1
DA:15,1
DA:16,1
DA:17,1
DA:18,1
LF:18
LH:18
BRF:0
BRH:0
end_of_record
TN:
SF:src/factory/TaskFactory.ts
FN:6,createInstance
FNF:1
FNH:1
FNDA:18,createInstance
DA:1,1
DA:2,1
DA:3,1
DA:4,1
DA:5,1
DA:6,1
DA:7,18
DA:8,18
DA:9,18
DA:10,18
DA:11,18
DA:12,18
DA:13,1
LF:13
LH:13
BRDA:6,0,0,18
BRF:1
BRH:1
end_of_record
TN:
SF:src/factory/UserFactory.ts
FN:6,createInstance
FNF:1
FNH:1
FNDA:21,createInstance
DA:1,1
DA:2,1
DA:3,1
DA:4,1
DA:5,1
DA:6,1
DA:7,21
DA:8,21
DA:9,21
DA:10,21
DA:11,21
DA:12,21
DA:13,1
LF:13
LH:13
BRDA:6,0,0,21
BRF:1
BRH:1
end_of_record
TN:
SF:src/repository/in-memory/UserRole.ts
FNF:0
FNH:0
DA:1,2
DA:2,2
DA:3,2
DA:4,2
DA:5,1
DA:6,1
LF:6
LH:6
BRDA:1,0,0,2
BRF:1
BRH:1
end_of_record
TN:
SF:src/repository/in-memory/tasks/ManageTaskTestFile.ts
FN:8,ManageTaskTestFile
FN:12,newFile
FN:23,getFile
FN:27,resetFile
FN:32,deleteFile
FNF:5
FNH:5
FNDA:24,ManageTaskTestFile
FNDA:28,newFile
FNDA:20,getFile
FNDA:3,resetFile
FNDA:4,deleteFile
DA:1,1
DA:2,1
DA:3,1
DA:4,1
DA:5,1
DA:6,1
DA:7,1
DA:8,1
DA:9,24
DA:10,24
DA:11,1
DA:12,1
DA:13,28
DA:14,28
DA:15,3
DA:16,3
DA:17,28
DA:18,0
DA:19,0
DA:20,0
DA:21,28
DA:22,1
DA:23,1
DA:24,20
DA:25,20
DA:26,1
DA:27,1
DA:28,3
DA:29,3
DA:30,3
DA:31,1
DA:32,1
DA:33,4
DA:34,4
DA:35,4
DA:36,3
DA:37,4
DA:38,1
DA:39,1
DA:40,1
DA:41,4
DA:42,1
DA:43,1
DA:44,1
LF:44
LH:41
BRDA:8,0,0,24
BRDA:12,1,0,28
BRDA:14,2,0,3
BRDA:17,3,0,0
BRDA:23,4,0,20
BRDA:27,5,0,3
BRDA:32,6,0,4
BRDA:36,7,0,3
BRDA:37,8,0,1
BRF:9
BRH:8
end_of_record
TN:
SF:src/repository/in-memory/tasks/TaskRepositoryInMemory.ts
FN:10,TasksRepositoryInMemory
FN:15,add
FN:23,update
FN:34,delete
FN:45,exists
FN:51,list
FN:55,findTaskById
FN:64,readTasksFromFile
FN:69,writeTasksToFile
FNF:9
FNH:9
FNDA:20,TasksRepositoryInMemory
FNDA:5,add
FNDA:4,update
FNDA:5,delete
FNDA:4,exists
FNDA:8,list
FNDA:5,findTaskById
FNDA:31,readTasksFromFile
FNDA:8,writeTasksToFile
DA:1,1
DA:2,1
DA:3,1
DA:4,1
DA:5,1
DA:6,1
DA:7,1
DA:8,1
DA:9,1
DA:10,1
DA:11,20
DA:12,20
DA:13,20
DA:14,1
DA:15,1
DA:16,5
DA:17,5
DA:18,5
DA:19,5
DA:20,5
DA:21,5
DA:22,1
DA:23,1
DA:24,4
DA:25,4
DA:26,4
DA:27,2
DA:28,2
DA:29,2
DA:30,2
DA:31,2
DA:32,2
DA:33,1
DA:34,1
DA:35,5
DA:36,5
DA:37,5
DA:38,5
DA:39,2
DA:40,2
DA:41,2
DA:42,3
DA:43,3
DA:44,1
DA:45,1
DA:46,4
DA:47,4
DA:48,4
DA:49,4
DA:50,1
DA:51,1
DA:52,8
DA:53,8
DA:54,1
DA:55,1
DA:56,5
DA:57,5
DA:58,5
DA:59,2
DA:60,2
DA:61,3
DA:62,3
DA:63,1
DA:64,1
DA:65,31
DA:66,31
DA:67,31
DA:68,1
DA:69,1
DA:70,8
DA:71,8
DA:72,1
DA:73,1
DA:74,1
LF:74
LH:74
BRDA:10,0,0,20
BRDA:15,1,0,5
BRDA:23,2,0,4
BRDA:26,3,0,2
BRDA:25,4,0,12
BRDA:34,5,0,5
BRDA:38,6,0,3
BRDA:38,7,0,2
BRDA:37,8,0,14
BRDA:45,9,0,4
BRDA:48,10,0,12
BRDA:51,11,0,8
BRDA:55,12,0,5
BRDA:58,13,0,3
BRDA:58,14,0,2
BRDA:57,15,0,12
BRDA:64,16,0,31
BRDA:69,17,0,8
BRF:18
BRH:18
end_of_record
TN:
SF:src/repository/in-memory/users/ManageUserTestFile.ts
FN:8,ManageUserTestFile
FN:12,getFilePath
FN:16,newFile
FN:27,getFile
FN:31,resetFile
FN:36,deleteFile
FNF:6
FNH:5
FNDA:26,ManageUserTestFile
FNDA:0,getFilePath
FNDA:29,newFile
FNDA:22,getFile
FNDA:2,resetFile
FNDA:3,deleteFile
DA:1,1
DA:2,1
DA:3,1
DA:4,1
DA:5,1
DA:6,1
DA:7,1
DA:8,1
DA:9,26
DA:10,26
DA:11,1
DA:12,1
DA:13,0
DA:14,0
DA:15,1
DA:16,1
DA:17,29
DA:18,29
DA:19,2
DA:20,2
DA:21,29
DA:22,0
DA:23,0
DA:24,0
DA:25,29
DA:26,1
DA:27,1
DA:28,22
DA:29,22
DA:30,1
DA:31,1
DA:32,2
DA:33,2
DA:34,2
DA:35,1
DA:36,1
DA:37,3
DA:38,3
DA:39,3
DA:40,2
DA:41,3
DA:42,1
DA:43,1
DA:44,1
DA:45,3
DA:46,1
DA:47,1
DA:48,1
LF:48
LH:43
BRDA:8,0,0,26
BRDA:16,1,0,29
BRDA:18,2,0,2
BRDA:21,3,0,0
BRDA:27,4,0,22
BRDA:31,5,0,2
BRDA:36,6,0,3
BRDA:40,7,0,2
BRDA:41,8,0,1
BRF:9
BRH:8
end_of_record
TN:
SF:src/repository/in-memory/users/UserRepositoryInMemory.ts
FN:11,UserRepositoryInMemory
FN:16,add
FN:25,findUserByEmail
FN:35,update
FN:46,delete
FN:57,exists
FN:63,emailExists
FN:69,list
FN:73,findUserById
FN:82,readUsersFromFile
FN:87,writeUsersToFile
FNF:11
FNH:10
FNDA:22,UserRepositoryInMemory
FNDA:11,add
FNDA:6,findUserByEmail
FNDA:3,update
FNDA:2,delete
FNDA:4,exists
FNDA:9,emailExists
FNDA:0,list
FNDA:8,findUserById
FNDA:43,readUsersFromFile
FNDA:14,writeUsersToFile
DA:1,1
DA:2,1
DA:3,1
DA:4,1
DA:5,1
DA:6,1
DA:7,1
DA:8,1
DA:9,1
DA:10,1
DA:11,1
DA:12,22
DA:13,22
DA:14,22
DA:15,1
DA:16,1
DA:17,11
DA:18,11
DA:19,11
DA:20,11
DA:21,11
DA:22,11
DA:23,11
DA:24,1
DA:25,1
DA:26,6
DA:27,6
DA:28,6
DA:29,2
DA:30,2
DA:31,4
DA:32,4
DA:33,4
DA:34,1
DA:35,1
DA:36,3
DA:37,3
DA:38,3
DA:39,2
DA:40,2
DA:41,2
DA:42,2
DA:43,1
DA:44,1
DA:45,1
DA:46,1
DA:47,2
DA:48,2
DA:49,2
DA:50,2
DA:51,1
DA:52,1
DA:53,1
DA:54,1
DA:55,1
DA:56,1
DA:57,1
DA:58,4
DA:59,4
DA:60,4
DA:61,4
DA:62,1
DA:63,1
DA:64,9
DA:65,9
DA:66,9
DA:67,9
DA:68,1
DA:69,1
DA:70,0
DA:71,0
DA:72,1
DA:73,1
DA:74,8
DA:75,8
DA:76,8
DA:77,5
DA:78,5
DA:79,3
DA:80,3
DA:81,1
DA:82,1
DA:83,43
DA:84,43
DA:85,43
DA:86,1
DA:87,1
DA:88,14
DA:89,14
DA:90,1
DA:91,1
DA:92,1
DA:93,1
LF:93
LH:91
BRDA:11,0,0,22
BRDA:16,1,0,11
BRDA:25,2,0,6
BRDA:28,3,0,2
BRDA:31,4,0,4
BRDA:27,5,0,44
BRDA:35,6,0,3
BRDA:38,7,0,2
BRDA:43,8,0,1
BRDA:37,9,0,14
BRDA:46,10,0,2
BRDA:50,11,0,1
BRDA:49,12,0,13
BRDA:57,13,0,4
BRDA:60,14,0,31
BRDA:63,15,0,9
BRDA:66,16,0,44
BRDA:73,17,0,8
BRDA:76,18,0,7
BRDA:76,19,0,5
BRDA:79,20,0,3
BRDA:75,21,0,33
BRDA:82,22,0,43
BRDA:87,23,0,14
BRF:24
BRH:24
end_of_record
TN:
SF:src/routes/tasks/TaskController.ts
FN:6,TaskController
FN:8,httpAddTask
FN:26,httpListTasks
FN:37,httpFindTaskById
FN:56,httpUpdateTask
FN:79,httpDeleteTask
FN:94,checkUserId
FN:109,checkSummary
FNF:8
FNH:8
FNDA:18,TaskController
FNDA:4,httpAddTask
FNDA:7,httpListTasks
FNDA:2,httpFindTaskById
FNDA:3,httpUpdateTask
FNDA:2,httpDeleteTask
FNDA:7,checkUserId
FNDA:5,checkSummary
DA:1,1
DA:2,1
DA:3,1
DA:4,1
DA:5,1
DA:6,1
DA:7,1
DA:8,1
DA:9,4
DA:10,4
DA:11,4
DA:12,4
DA:13,4
DA:14,2
DA:15,4
DA:16,1
DA:17,1
DA:18,0
DA:19,0
DA:20,4
DA:21,1
DA:22,1
DA:23,4
DA:24,4
DA:25,1
DA:26,1
DA:27,7
DA:28,7
DA:29,7
DA:30,7
DA:31,7
DA:32,0
DA:33,0
DA:34,0
DA:35,7
DA:36,1
DA:37,1
DA:38,2
DA:39,2
DA:40,2
DA:41,2
DA:42,2
DA:43,2
DA:44,1
DA:45,1
DA:46,0
DA:47,0
DA:48,2
DA:49,1
DA:50,1
DA:51,0
DA:52,0
DA:53,0
DA:54,2
DA:55,1
DA:56,1
DA:57,3
DA:58,3
DA:59,3
DA:60,3
DA:61,3
DA:62,3
DA:63,3
DA:64,3
DA:65,3
DA:66,2
DA:67,2
DA:68,1
DA:69,1
DA:70,1
DA:71,1
DA:72,1
DA:73,0
DA:74,0
DA:75,0
DA:76,0
DA:77,3
DA:78,1
DA:79,1
DA:80,2
DA:81,2
DA:82,2
DA:83,2
DA:84,2
DA:85,2
DA:86,1
DA:87,1
DA:88,2
DA:89,0
DA:90,0
DA:91,0
DA:92,2
DA:93,1
DA:94,1
DA:95,7
DA:96,7
DA:97,7
DA:98,7
DA:99,7
DA:100,6
DA:101,7
DA:102,1
DA:103,1
DA:104,7
DA:105,0
DA:106,7
DA:107,7
DA:108,1
DA:109,1
DA:110,5
DA:111,5
DA:112,5
DA:113,5
DA:114,5
DA:115,5
DA:116,4
DA:117,5
DA:118,1
DA:119,1
DA:120,5
DA:121,0
DA:122,5
DA:123,5
DA:124,1
DA:125,1
DA:126,1
LF:126
LH:107
BRDA:6,0,0,18
BRDA:8,1,0,4
BRDA:13,2,0,2
BRDA:15,3,0,1
BRDA:18,4,0,0
BRDA:20,5,0,1
BRDA:26,6,0,7
BRDA:31,7,0,0
BRDA:37,8,0,2
BRDA:41,9,0,0
BRDA:44,10,0,1
BRDA:46,11,0,0
BRDA:48,12,0,1
BRDA:51,13,0,0
BRDA:56,14,0,3
BRDA:63,15,0,0
BRDA:65,16,0,1
BRDA:66,17,0,2
BRDA:68,18,0,1
BRDA:73,19,0,0
BRDA:79,20,0,2
BRDA:85,21,0,1
BRDA:88,22,0,0
BRDA:94,23,0,7
BRDA:99,24,0,1
BRDA:100,25,0,6
BRDA:101,26,0,5
BRDA:101,27,0,1
BRDA:104,28,0,0
BRDA:109,29,0,5
BRDA:115,30,0,1
BRDA:116,31,0,4
BRDA:117,32,0,3
BRDA:117,33,0,1
BRDA:120,34,0,0
BRF:35
BRH:25
end_of_record
TN:
SF:src/routes/tasks/tasks.router.ts
FN:6,taskFactory
FNF:1
FNH:1
FNDA:18,taskFactory
DA:1,1
DA:2,1
DA:3,1
DA:4,1
DA:5,1
DA:6,1
DA:7,18
DA:8,18
DA:9,1
DA:10,1
DA:11,1
DA:12,1
DA:13,1
DA:14,1
DA:15,1
DA:16,1
LF:16
LH:16
BRDA:6,0,0,18
BRDA:10,1,0,4
BRDA:11,2,0,7
BRDA:12,3,0,2
BRDA:13,4,0,3
BRDA:14,5,0,2
BRF:6
BRH:6
end_of_record
TN:
SF:src/routes/users/UserController.ts
FN:8,UserController
FN:10,httpAddUser
FN:31,httpLogin
FN:49,httpFindUserById
FN:69,httpUpdateUser
FN:99,checkEmail
FN:112,checkPassword
FN:119,checkRole
FNF:8
FNH:8
FNDA:21,UserController
FNDA:12,httpAddUser
FNDA:3,httpLogin
FNDA:2,httpFindUserById
FNDA:4,httpUpdateUser
FNDA:18,checkEmail
FNDA:13,checkPassword
FNDA:9,checkRole
DA:1,1
DA:2,1
DA:3,1
DA:4,1
DA:5,1
DA:6,1
DA:7,1
DA:8,1
DA:9,1
DA:10,1
DA:11,12
DA:12,12
DA:13,12
DA:14,12
DA:15,10
DA:16,12
DA:17,8
DA:18,12
DA:19,7
DA:20,12
DA:21,6
DA:22,6
DA:23,6
DA:24,6
DA:25,12
DA:26,0
DA:27,0
DA:28,12
DA:29,12
DA:30,1
DA:31,1
DA:32,3
DA:33,3
DA:34,3
DA:35,3
DA:36,3
DA:37,3
DA:38,2
DA:39,2
DA:40,3
DA:41,1
DA:42,1
DA:43,3
DA:44,0
DA:45,0
DA:46,3
DA:47,3
DA:48,1
DA:49,1
DA:50,2
DA:51,2
DA:52,2
DA:53,2
DA:54,2
DA:55,2
DA:56,1
DA:57,1
DA:58,0
DA:59,0
DA:60,2
DA:61,1
DA:62,1
DA:63,0
DA:64,0
DA:65,0
DA:66,0
DA:67,2
DA:68,1
DA:69,1
DA:70,4
DA:71,4
DA:72,4
DA:73,4
DA:74,4
DA:75,4
DA:76,3
DA:77,4
DA:78,3
DA:79,3
DA:80,3
DA:81,3
DA:82,3
DA:83,4
DA:84,1
DA:85,4
DA:86,1
DA:87,1
DA:88,1
DA:89,1
DA:90,1
DA:91,1
DA:92,1
DA:93,0
DA:94,0
DA:95,0
DA:96,0
DA:97,4
DA:98,1
DA:99,1
DA:100,18
DA:101,18
DA:102,18
DA:103,18
DA:104,18
DA:105,14
DA:106,14
DA:107,18
DA:108,0
DA:109,18
DA:110,18
DA:111,1
DA:112,1
DA:113,13
DA:114,13
DA:115,10
DA:116,10
DA:117,10
DA:118,1
DA:119,1
DA:120,9
DA:121,9
DA:122,9
DA:123,9
DA:124,9
DA:125,9
DA:126,9
DA:127,8
DA:128,8
DA:129,9
DA:130,0
DA:131,9
DA:132,9
DA:133,1
DA:134,1
DA:135,1
LF:135
LH:119
BRDA:8,0,0,21
BRDA:10,1,0,12
BRDA:14,2,0,2
BRDA:15,3,0,10
BRDA:16,4,0,2
BRDA:17,5,0,8
BRDA:18,6,0,1
BRDA:19,7,0,7
BRDA:20,8,0,1
BRDA:21,9,0,6
BRDA:25,10,0,0
BRDA:31,11,0,3
BRDA:35,12,0,0
BRDA:37,13,0,1
BRDA:38,14,0,2
BRDA:40,15,0,1
BRDA:43,16,0,0
BRDA:49,17,0,2
BRDA:53,18,0,0
BRDA:56,19,0,1
BRDA:58,20,0,0
BRDA:60,21,0,1
BRDA:63,22,0,0
BRDA:69,23,0,4
BRDA:73,24,0,0
BRDA:76,25,0,3
BRDA:77,26,0,0
BRDA:78,27,0,3
BRDA:83,28,0,2
BRDA:84,29,0,1
BRDA:85,30,0,0
BRDA:86,31,0,1
BRDA:93,32,0,0
BRDA:99,33,0,18
BRDA:102,34,0,3
BRDA:102,35,0,15
BRDA:104,36,0,1
BRDA:105,37,0,14
BRDA:107,38,0,0
BRDA:112,39,0,13
BRDA:113,40,0,2
BRDA:113,41,0,11
BRDA:114,42,0,1
BRDA:115,43,0,10
BRDA:119,44,0,9
BRDA:124,45,0,0
BRDA:126,46,0,1
BRDA:126,47,0,8
BRDA:129,48,0,0
BRF:49
BRH:36
end_of_record
TN:
SF:src/routes/users/user.router.ts
FN:6,userFactory
FNF:1
FNH:1
FNDA:21,userFactory
DA:1,1
DA:2,1
DA:3,1
DA:4,1
DA:5,1
DA:6,1
DA:7,21
DA:8,21
DA:9,1
DA:10,1
DA:11,1
DA:12,1
DA:13,1
DA:14,1
DA:15,1
LF:15
LH:15
BRDA:6,0,0,21
BRDA:10,1,0,12
BRDA:11,2,0,3
BRDA:12,3,0,2
BRDA:13,4,0,4
BRF:5
BRH:5
end_of_record
TN:
SF:src/services/Cryptography/Cryptography.Service.ts
FN:3,Cryptography
FN:7,encrypt
FN:12,decrypt
FNF:3
FNH:3
FNDA:13,Cryptography
FNDA:11,encrypt
FNDA:2,decrypt
DA:1,1
DA:2,1
DA:3,13
DA:4,13
DA:5,13
DA:6,13
DA:7,13
DA:8,11
DA:9,11
DA:10,13
DA:11,13
DA:12,13
DA:13,2
DA:14,2
DA:15,13
DA:16,1
DA:17,1
LF:17
LH:17
BRDA:3,0,0,13
BRDA:7,1,0,11
BRDA:12,2,0,2
BRF:3
BRH:3
end_of_record
TN:
SF:src/services/tasks/TaskService.ts
FN:10,TaskService
FN:12,add
FN:16,update
FN:20,delete
FN:24,list
FN:28,findById
FN:32,exist
FNF:7
FNH:7
FNDA:19,TaskService
FNDA:5,add
FNDA:4,update
FNDA:4,delete
FNDA:8,list
FNDA:4,findById
FNDA:4,exist
DA:1,1
DA:2,1
DA:3,1
DA:4,1
DA:5,1
DA:6,1
DA:7,1
DA:8,1
DA:9,1
DA:10,1
DA:11,1
DA:12,1
DA:13,5
DA:14,5
DA:15,1
DA:16,1
DA:17,4
DA:18,4
DA:19,1
DA:20,1
DA:21,4
DA:22,4
DA:23,1
DA:24,1
DA:25,8
DA:26,8
DA:27,1
DA:28,1
DA:29,4
DA:30,4
DA:31,1
DA:32,1
DA:33,4
DA:34,4
DA:35,1
DA:36,1
DA:37,1
DA:38,1
LF:38
LH:38
BRDA:10,0,0,19
BRDA:12,1,0,5
BRDA:16,2,0,4
BRDA:20,3,0,4
BRDA:24,4,0,8
BRDA:28,5,0,4
BRDA:32,6,0,4
BRF:7
BRH:7
end_of_record
TN:
SF:src/services/users/User.Service.ts
FN:16,UserService
FN:18,exist
FN:22,emailExists
FN:26,add
FN:32,login
FN:40,update
FN:44,delete
FN:48,findById
FNF:8
FNH:8
FNDA:22,UserService
FNDA:4,exist
FNDA:9,emailExists
FNDA:11,add
FNDA:6,login
FNDA:3,update
FNDA:2,delete
FNDA:8,findById
DA:1,1
DA:2,1
DA:3,1
DA:4,1
DA:5,1
DA:6,1
DA:7,1
DA:8,1
DA:9,1
DA:10,1
DA:11,1
DA:12,1
DA:13,1
DA:14,1
DA:15,1
DA:16,1
DA:17,1
DA:18,1
DA:19,4
DA:20,4
DA:21,1
DA:22,1
DA:23,9
DA:24,9
DA:25,1
DA:26,1
DA:27,11
DA:28,11
DA:29,11
DA:30,11
DA:31,1
DA:32,1
DA:33,6
DA:34,2
DA:35,2
DA:36,2
DA:37,2
DA:38,2
DA:39,1
DA:40,1
DA:41,3
DA:42,3
DA:43,1
DA:44,1
DA:45,2
DA:46,2
DA:47,1
DA:48,1
DA:49,8
DA:50,8
DA:51,1
DA:52,1
DA:53,1
DA:54,1
LF:54
LH:54
BRDA:16,0,0,22
BRDA:18,1,0,4
BRDA:22,2,0,9
BRDA:26,3,0,11
BRDA:32,4,0,6
BRDA:34,5,0,2
BRDA:40,6,0,3
BRDA:44,7,0,2
BRDA:48,8,0,8
BRF:9
BRH:9
end_of_record
